# JRE version: OpenJDK Runtime Environment Microsoft-9889599 (17.0.12+7) (build 17.0.12+7-LTS)
# Java VM: OpenJDK 64-Bit Server VM Microsoft-9889599 (17.0.12+7-LTS, mixed mode, sharing, tiered, compressed oops, compressed class ptrs, g1 gc, windows-amd64)
GC Precious Log:
 CPUs: 8 total, 8 available
 Memory: 16215M
 Large Page Support: Disabled
 NUMA Support: Disabled
 Compressed Oops: Enabled (32-bit)
 Heap Region Size: 1M
 Heap Min Capacity: 8M
 Heap Initial Capacity: 254M
 Heap Max Capacity: 2G
 Pre-touch: Disabled
 Parallel Workers: 8
 Concurrent Workers: 2
 Concurrent Refinement Workers: 8
 Periodic GC: Disabled
Heap:
 garbage-first heap   total 450560K, used 381087K [0x0000000080000000, 0x0000000100000000)
  region size 1024K, 8 young (8192K), 3 survivors (3072K)
 Metaspace       used 126932K, committed 129088K, reserved 557056K
  class space    used 17306K, committed 18304K, reserved 425984K
GC Heap History (20 events):
Event: 9597.531 GC heap before
{Heap before GC invocations=104 (full 0):
 garbage-first heap   total 450560K, used 393336K [0x0000000080000000, 0x0000000100000000)
  region size 1024K, 28 young (28672K), 2 survivors (2048K)
 Metaspace       used 126226K, committed 128128K, reserved 557056K
  class space    used 17222K, committed 18112K, reserved 425984K
}
Event: 9597.534 GC heap after
{Heap after GC invocations=105 (full 0):
 garbage-first heap   total 450560K, used 367541K [0x0000000080000000, 0x0000000100000000)
  region size 1024K, 3 young (3072K), 3 survivors (3072K)
 Metaspace       used 126226K, committed 128128K, reserved 557056K
  class space    used 17222K, committed 18112K, reserved 425984K
}
Event: 9597.936 GC heap before
{Heap before GC invocations=105 (full 0):
 garbage-first heap   total 450560K, used 394165K [0x0000000080000000, 0x0000000100000000)
  region size 1024K, 29 young (29696K), 3 survivors (3072K)
 Metaspace       used 126455K, committed 128448K, reserved 557056K
  class space    used 17263K, committed 18176K, reserved 425984K
}
Event: 9597.941 GC heap after
{Heap after GC invocations=106 (full 0):
 garbage-first heap   total 450560K, used 368904K [0x0000000080000000, 0x0000000100000000)
  region size 1024K, 3 young (3072K), 3 survivors (3072K)
 Metaspace       used 126455K, committed 128448K, reserved 557056K
  class space    used 17263K, committed 18176K, reserved 425984K
}
Event: 9598.339 GC heap before
{Heap before GC invocations=106 (full 0):
 garbage-first heap   total 450560K, used 395528K [0x0000000080000000, 0x0000000100000000)
  region size 1024K, 29 young (29696K), 3 survivors (3072K)
 Metaspace       used 126477K, committed 128448K, reserved 557056K
  class space    used 17264K, committed 18176K, reserved 425984K
}
Event: 9598.343 GC heap after
{Heap after GC invocations=107 (full 0):
 garbage-first heap   total 450560K, used 370028K [0x0000000080000000, 0x0000000100000000)
  region size 1024K, 3 young (3072K), 3 survivors (3072K)
 Metaspace       used 126477K, committed 128448K, reserved 557056K
  class space    used 17264K, committed 18176K, reserved 425984K
}
Event: 9598.498 GC heap before
{Heap before GC invocations=107 (full 0):
 garbage-first heap   total 450560K, used 397676K [0x0000000080000000, 0x0000000100000000)
  region size 1024K, 30 young (30720K), 3 survivors (3072K)
 Metaspace       used 126498K, committed 128512K, reserved 557056K
  class space    used 17267K, committed 18240K, reserved 425984K
}
Event: 9598.503 GC heap after
{Heap after GC invocations=108 (full 0):
 garbage-first heap   total 450560K, used 370754K [0x0000000080000000, 0x0000000100000000)
  region size 1024K, 2 young (2048K), 2 survivors (2048K)
 Metaspace       used 126498K, committed 128512K, reserved 557056K
  class space    used 17267K, committed 18240K, reserved 425984K
}
Event: 9600.052 GC heap before
{Heap before GC invocations=108 (full 0):
 garbage-first heap   total 450560K, used 397378K [0x0000000080000000, 0x0000000100000000)
  region size 1024K, 29 young (29696K), 2 survivors (2048K)
 Metaspace       used 126674K, committed 128704K, reserved 557056K
  class space    used 17277K, committed 18240K, reserved 425984K
}
Event: 9600.055 GC heap after
{Heap after GC invocations=109 (full 0):
 garbage-first heap   total 450560K, used 371436K [0x0000000080000000, 0x0000000100000000)
  region size 1024K, 3 young (3072K), 3 survivors (3072K)
 Metaspace       used 126674K, committed 128704K, reserved 557056K
  class space    used 17277K, committed 18240K, reserved 425984K
}
Event: 9611.373 GC heap before
{Heap before GC invocations=109 (full 0):
 garbage-first heap   total 450560K, used 397036K [0x0000000080000000, 0x0000000100000000)
  region size 1024K, 29 young (29696K), 3 survivors (3072K)
 Metaspace       used 126729K, committed 128768K, reserved 557056K
  class space    used 17284K, committed 18240K, reserved 425984K
}
Event: 9611.376 GC heap after
{Heap after GC invocations=110 (full 0):
 garbage-first heap   total 450560K, used 371462K [0x0000000080000000, 0x0000000100000000)
  region size 1024K, 2 young (2048K), 2 survivors (2048K)
 Metaspace       used 126729K, committed 128768K, reserved 557056K
  class space    used 17284K, committed 18240K, reserved 425984K
}
Event: 10442.723 GC heap before
{Heap before GC invocations=110 (full 0):
 garbage-first heap   total 450560K, used 399110K [0x0000000080000000, 0x0000000100000000)
  region size 1024K, 30 young (30720K), 2 survivors (2048K)
 Metaspace       used 126729K, committed 128768K, reserved 557056K
  class space    used 17284K, committed 18240K, reserved 425984K
}
Event: 10442.725 GC heap after
{Heap after GC invocations=111 (full 0):
 garbage-first heap   total 450560K, used 371466K [0x0000000080000000, 0x0000000100000000)
  region size 1024K, 2 young (2048K), 2 survivors (2048K)
 Metaspace       used 126729K, committed 128768K, reserved 557056K
  class space    used 17284K, committed 18240K, reserved 425984K
}
Event: 11694.231 GC heap before
{Heap before GC invocations=111 (full 0):
 garbage-first heap   total 450560K, used 401162K [0x0000000080000000, 0x0000000100000000)
  region size 1024K, 31 young (31744K), 2 survivors (2048K)
 Metaspace       used 126729K, committed 128768K, reserved 557056K
  class space    used 17284K, committed 18240K, reserved 425984K
}
Event: 11694.236 GC heap after
{Heap after GC invocations=112 (full 0):
 garbage-first heap   total 450560K, used 371460K [0x0000000080000000, 0x0000000100000000)
  region size 1024K, 2 young (2048K), 2 survivors (2048K)
 Metaspace       used 126729K, committed 128768K, reserved 557056K
  class space    used 17284K, committed 18240K, reserved 425984K
}
Event: 11709.741 GC heap before
{Heap before GC invocations=112 (full 0):
 garbage-first heap   total 450560K, used 402180K [0x0000000080000000, 0x0000000100000000)
  region size 1024K, 32 young (32768K), 2 survivors (2048K)
 Metaspace       used 126769K, committed 128832K, reserved 557056K
  class space    used 17286K, committed 18240K, reserved 425984K
}
Event: 11709.747 GC heap after
{Heap after GC invocations=113 (full 0):
 garbage-first heap   total 450560K, used 373897K [0x0000000080000000, 0x0000000100000000)
  region size 1024K, 4 young (4096K), 4 survivors (4096K)
 Metaspace       used 126769K, committed 128832K, reserved 557056K
  class space    used 17286K, committed 18240K, reserved 425984K
}
Event: 11710.126 GC heap before
{Heap before GC invocations=113 (full 0):
 garbage-first heap   total 450560K, used 391305K [0x0000000080000000, 0x0000000100000000)
  region size 1024K, 22 young (22528K), 4 survivors (4096K)
 Metaspace       used 126904K, committed 128960K, reserved 557056K
  class space    used 17300K, committed 18240K, reserved 425984K
}
Event: 11710.136 GC heap after
{Heap after GC invocations=114 (full 0):
 garbage-first heap   total 450560K, used 376991K [0x0000000080000000, 0x0000000100000000)
  region size 1024K, 3 young (3072K), 3 survivors (3072K)
 Metaspace       used 126904K, committed 128960K, reserved 557056K
  class space    used 17300K, committed 18240K, reserved 425984K
}

