# JRE version: OpenJDK Runtime Environment Microsoft-9889599 (17.0.12+7) (build 17.0.12+7-LTS)
# Java VM: OpenJDK 64-Bit Server VM Microsoft-9889599 (17.0.12+7-LTS, mixed mode, sharing, tiered, compressed oops, compressed class ptrs, g1 gc, windows-amd64)
GC Precious Log:
 CPUs: 8 total, 8 available
 Memory: 16215M
 Large Page Support: Disabled
 NUMA Support: Disabled
 Compressed Oops: Enabled (32-bit)
 Heap Region Size: 1M
 Heap Min Capacity: 8M
 Heap Initial Capacity: 254M
 Heap Max Capacity: 2G
 Pre-touch: Disabled
 Parallel Workers: 8
 Concurrent Workers: 2
 Concurrent Refinement Workers: 8
 Periodic GC: Disabled
Heap:
 garbage-first heap   total 233472K, used 171938K [0x0000000080000000, 0x0000000100000000)
  region size 1024K, 17 young (17408K), 5 survivors (5120K)
 Metaspace       used 99100K, committed 100352K, reserved 557056K
  class space    used 13929K, committed 14464K, reserved 425984K
GC Heap History (20 events):
Event: 26.917 GC heap before
{Heap before GC invocations=40 (full 0):
 garbage-first heap   total 233472K, used 193889K [0x0000000080000000, 0x0000000100000000)
  region size 1024K, 80 young (81920K), 3 survivors (3072K)
 Metaspace       used 91796K, committed 92736K, reserved 557056K
  class space    used 12951K, committed 13376K, reserved 425984K
}
Event: 26.922 GC heap after
{Heap after GC invocations=41 (full 0):
 garbage-first heap   total 233472K, used 115651K [0x0000000080000000, 0x0000000100000000)
  region size 1024K, 4 young (4096K), 4 survivors (4096K)
 Metaspace       used 91796K, committed 92736K, reserved 557056K
  class space    used 12951K, committed 13376K, reserved 425984K
}
Event: 26.967 GC heap before
{Heap before GC invocations=41 (full 0):
 garbage-first heap   total 233472K, used 122819K [0x0000000080000000, 0x0000000100000000)
  region size 1024K, 11 young (11264K), 4 survivors (4096K)
 Metaspace       used 92275K, committed 93248K, reserved 557056K
  class space    used 13017K, committed 13440K, reserved 425984K
}
Event: 26.970 GC heap after
{Heap after GC invocations=42 (full 0):
 garbage-first heap   total 233472K, used 115216K [0x0000000080000000, 0x0000000100000000)
  region size 1024K, 1 young (1024K), 1 survivors (1024K)
 Metaspace       used 92275K, committed 93248K, reserved 557056K
  class space    used 13017K, committed 13440K, reserved 425984K
}
Event: 27.615 GC heap before
{Heap before GC invocations=42 (full 0):
 garbage-first heap   total 233472K, used 196112K [0x0000000080000000, 0x0000000100000000)
  region size 1024K, 80 young (81920K), 1 survivors (1024K)
 Metaspace       used 94289K, committed 95296K, reserved 557056K
  class space    used 13297K, committed 13760K, reserved 425984K
}
Event: 27.621 GC heap after
{Heap after GC invocations=43 (full 0):
 garbage-first heap   total 233472K, used 122515K [0x0000000080000000, 0x0000000100000000)
  region size 1024K, 8 young (8192K), 8 survivors (8192K)
 Metaspace       used 94289K, committed 95296K, reserved 557056K
  class space    used 13297K, committed 13760K, reserved 425984K
}
Event: 28.499 GC heap before
{Heap before GC invocations=43 (full 0):
 garbage-first heap   total 233472K, used 193171K [0x0000000080000000, 0x0000000100000000)
  region size 1024K, 78 young (79872K), 8 survivors (8192K)
 Metaspace       used 95800K, committed 96832K, reserved 557056K
  class space    used 13536K, committed 14016K, reserved 425984K
}
Event: 28.507 GC heap after
{Heap after GC invocations=44 (full 0):
 garbage-first heap   total 233472K, used 128865K [0x0000000080000000, 0x0000000100000000)
  region size 1024K, 9 young (9216K), 9 survivors (9216K)
 Metaspace       used 95800K, committed 96832K, reserved 557056K
  class space    used 13536K, committed 14016K, reserved 425984K
}
Event: 28.825 GC heap before
{Heap before GC invocations=44 (full 0):
 garbage-first heap   total 233472K, used 191329K [0x0000000080000000, 0x0000000100000000)
  region size 1024K, 71 young (72704K), 9 survivors (9216K)
 Metaspace       used 95814K, committed 96896K, reserved 557056K
  class space    used 13537K, committed 14016K, reserved 425984K
}
Event: 28.831 GC heap after
{Heap after GC invocations=45 (full 0):
 garbage-first heap   total 233472K, used 130795K [0x0000000080000000, 0x0000000100000000)
  region size 1024K, 4 young (4096K), 4 survivors (4096K)
 Metaspace       used 95814K, committed 96896K, reserved 557056K
  class space    used 13537K, committed 14016K, reserved 425984K
}
Event: 32.019 GC heap before
{Heap before GC invocations=46 (full 0):
 garbage-first heap   total 233472K, used 195307K [0x0000000080000000, 0x0000000100000000)
  region size 1024K, 66 young (67584K), 4 survivors (4096K)
 Metaspace       used 98602K, committed 99776K, reserved 557056K
  class space    used 13881K, committed 14400K, reserved 425984K
}
Event: 32.030 GC heap after
{Heap after GC invocations=47 (full 0):
 garbage-first heap   total 233472K, used 147842K [0x0000000080000000, 0x0000000100000000)
  region size 1024K, 9 young (9216K), 9 survivors (9216K)
 Metaspace       used 98602K, committed 99776K, reserved 557056K
  class space    used 13881K, committed 14400K, reserved 425984K
}
Event: 32.056 GC heap before
{Heap before GC invocations=47 (full 0):
 garbage-first heap   total 233472K, used 149890K [0x0000000080000000, 0x0000000100000000)
  region size 1024K, 11 young (11264K), 9 survivors (9216K)
 Metaspace       used 98630K, committed 99776K, reserved 557056K
  class space    used 13881K, committed 14400K, reserved 425984K
}
Event: 32.063 GC heap after
{Heap after GC invocations=48 (full 0):
 garbage-first heap   total 233472K, used 148926K [0x0000000080000000, 0x0000000100000000)
  region size 1024K, 2 young (2048K), 2 survivors (2048K)
 Metaspace       used 98630K, committed 99776K, reserved 557056K
  class space    used 13881K, committed 14400K, reserved 425984K
}
Event: 32.435 GC heap before
{Heap before GC invocations=48 (full 0):
 garbage-first heap   total 233472K, used 191934K [0x0000000080000000, 0x0000000100000000)
  region size 1024K, 44 young (45056K), 2 survivors (2048K)
 Metaspace       used 98710K, committed 99904K, reserved 557056K
  class space    used 13886K, committed 14400K, reserved 425984K
}
Event: 32.438 GC heap after
{Heap after GC invocations=49 (full 0):
 garbage-first heap   total 233472K, used 151713K [0x0000000080000000, 0x0000000100000000)
  region size 1024K, 5 young (5120K), 5 survivors (5120K)
 Metaspace       used 98710K, committed 99904K, reserved 557056K
  class space    used 13886K, committed 14400K, reserved 425984K
}
Event: 34.454 GC heap before
{Heap before GC invocations=49 (full 0):
 garbage-first heap   total 233472K, used 192673K [0x0000000080000000, 0x0000000100000000)
  region size 1024K, 46 young (47104K), 5 survivors (5120K)
 Metaspace       used 98992K, committed 100224K, reserved 557056K
  class space    used 13927K, committed 14464K, reserved 425984K
}
Event: 34.462 GC heap after
{Heap after GC invocations=50 (full 0):
 garbage-first heap   total 233472K, used 157547K [0x0000000080000000, 0x0000000100000000)
  region size 1024K, 6 young (6144K), 6 survivors (6144K)
 Metaspace       used 98992K, committed 100224K, reserved 557056K
  class space    used 13927K, committed 14464K, reserved 425984K
}
Event: 34.917 GC heap before
{Heap before GC invocations=50 (full 0):
 garbage-first heap   total 233472K, used 192363K [0x0000000080000000, 0x0000000100000000)
  region size 1024K, 41 young (41984K), 6 survivors (6144K)
 Metaspace       used 99087K, committed 100352K, reserved 557056K
  class space    used 13929K, committed 14464K, reserved 425984K
}
Event: 34.922 GC heap after
{Heap after GC invocations=51 (full 0):
 garbage-first heap   total 233472K, used 161698K [0x0000000080000000, 0x0000000100000000)
  region size 1024K, 5 young (5120K), 5 survivors (5120K)
 Metaspace       used 99087K, committed 100352K, reserved 557056K
  class space    used 13929K, committed 14464K, reserved 425984K
}

